\BOOKMARK [1][-]{section*.1}{\376\377\000A\000b\000s\000t\000r\000a\000c\000t}{}% 1
\BOOKMARK [1][-]{section.1}{\376\377\0001\000\040\000I\000n\000t\000r\000o\000d\000u\000c\000t\000i\000o\000n}{}% 2
\BOOKMARK [1][-]{section.2}{\376\377\0002\000\040\000C\000o\000u\000n\000t\000e\000r\000f\000a\000c\000t\000u\000a\000l\000\040\000e\000x\000p\000l\000a\000n\000a\000t\000i\000o\000n\000s\000\040\000a\000s\000\040\000a\000\040\000p\000s\000y\000c\000h\000o\000l\000o\000g\000i\000c\000a\000l\000l\000y\000\040\000g\000r\000o\000u\000n\000d\000e\000d\000\040\000s\000o\000l\000u\000t\000i\000o\000n\000\040\000f\000o\000r\000\040\000X\000A\000I}{}% 3
\BOOKMARK [2][-]{subsection.2.1}{\376\377\0002\000.\0001\000\040\000T\000h\000e\000\040\000a\000d\000v\000a\000n\000t\000a\000g\000e\000\040\000o\000f\000\040\000p\000l\000a\000u\000s\000i\000b\000i\000l\000i\000t\000y\000\040\000/\000\040\000H\000u\000m\000a\000n\000s\000\040\000g\000e\000n\000e\000r\000a\000t\000e\000\040\000p\000l\000a\000u\000s\000i\000b\000l\000e\000\040\000C\000F\000E\000s}{section.2}% 4
\BOOKMARK [1][-]{section.3}{\376\377\0003\000\040\000C\000o\000m\000p\000u\000t\000a\000t\000i\000o\000n\000\040\000o\000f\000\040\000C\000F\000s\000\040\000a\000n\000d\000\040\000p\000l\000a\000u\000s\000i\000b\000l\000e\000\040\000C\000F\000s}{}% 5
\BOOKMARK [1][-]{section.4}{\376\377\0004\000\040\000D\000o\000\040\000u\000s\000e\000r\000s\000\040\000p\000r\000o\000f\000i\000t\000\040\000f\000r\000o\000m\000\040\000a\000l\000g\000o\000r\000i\000t\000h\000m\000i\000c\000\040\000p\000l\000a\000u\000s\000i\000b\000i\000l\000i\000t\000y\000?}{}% 6
\BOOKMARK [1][-]{section.5}{\376\377\0005\000\040\000E\000x\000p\000e\000r\000i\000m\000e\000n\000t\000a\000l\000\040\000D\000e\000s\000i\000g\000n}{}% 7
\BOOKMARK [2][-]{subsection.5.1}{\376\377\0005\000.\0001\000\040\000T\000h\000e\000\040\000p\000l\000a\000u\000s\000i\000b\000l\000e\000\040\000A\000l\000i\000e\000n\000\040\000Z\000o\000o\000\040\000p\000a\000r\000a\000d\000i\000g\000m}{section.5}% 8
\BOOKMARK [2][-]{subsection.5.2}{\376\377\0005\000.\0002\000\040\000P\000o\000s\000t\000-\000G\000a\000m\000e\000\040\000s\000u\000r\000v\000e\000y}{section.5}% 9
\BOOKMARK [2][-]{subsection.5.3}{\376\377\0005\000.\0003\000\040\000C\000o\000n\000s\000t\000r\000u\000c\000t\000s\000,\000\040\000e\000x\000p\000e\000c\000t\000e\000d\000\040\000r\000e\000l\000a\000t\000i\000o\000n\000s\000\040\000a\000n\000d\000\040\000m\000e\000a\000s\000u\000r\000e\000m\000e\000n\000t\000s}{section.5}% 10
\BOOKMARK [2][-]{subsection.5.4}{\376\377\0005\000.\0004\000\040\000M\000L\000\040\000m\000o\000d\000e\000l\000\040\000a\000n\000d\000\040\000i\000m\000p\000l\000e\000m\000e\000n\000t\000a\000t\000i\000o\000n}{section.5}% 11
\BOOKMARK [2][-]{subsection.5.5}{\376\377\0005\000.\0005\000\040\000P\000a\000r\000t\000i\000c\000i\000p\000a\000n\000t\000s}{section.5}% 12
\BOOKMARK [2][-]{subsection.5.6}{\376\377\0005\000.\0006\000\040\000E\000x\000p\000e\000r\000i\000m\000e\000n\000t\000a\000l\000\040\000P\000r\000o\000c\000e\000d\000u\000r\000e}{section.5}% 13
\BOOKMARK [1][-]{section.6}{\376\377\0006\000\040\000R\000e\000s\000u\000l\000t\000s}{}% 14
\BOOKMARK [2][-]{subsection.6.1}{\376\377\0006\000.\0001\000\040\000D\000o\000\040\000p\000l\000a\000u\000s\000i\000b\000l\000e\000\040\000C\000F\000E\000s\000\040\000f\000a\000c\000i\000l\000i\000t\000a\000t\000e\000\040\000l\000e\000a\000r\000n\000i\000n\000g\000?}{section.6}% 15
\BOOKMARK [2][-]{subsection.6.2}{\376\377\0006\000.\0002\000\040\000D\000o\000\040\000p\000l\000a\000u\000s\000i\000b\000l\000e\000\040\000C\000F\000E\000s\000\040\000i\000n\000c\000r\000e\000a\000s\000e\000\040\000u\000s\000e\000r\000'\000s\000\040\000s\000u\000b\000j\000e\000c\000t\000i\000v\000e\000\040\000u\000n\000d\000e\000r\000s\000t\000a\000n\000d\000i\000n\000g\000?}{section.6}% 16
\BOOKMARK [2][-]{subsection.6.3}{\376\377\0006\000.\0003\000\040\000D\000o\000e\000s\000\040\000m\000o\000d\000e\000\040\000o\000f\000\040\000p\000r\000e\000s\000e\000n\000t\000a\000t\000i\000o\000n\000\040\000h\000a\000v\000e\000\040\000a\000n\000\040\000i\000m\000p\000a\000c\000t\000?}{section.6}% 17
\BOOKMARK [2][-]{subsection.6.4}{\376\377\0006\000.\0004\000\040\000E\000x\000p\000l\000o\000r\000a\000t\000o\000r\000y\000\040\000A\000n\000a\000l\000y\000s\000i\000s}{section.6}% 18
\BOOKMARK [1][-]{section.7}{\376\377\0007\000\040\000D\000i\000s\000c\000u\000s\000s\000i\000o\000n}{}% 19
\BOOKMARK [2][-]{subsection.7.1}{\376\377\0007\000.\0001\000\040\000L\000i\000m\000i\000t\000a\000t\000i\000o\000n\000s\000\040\000\046\000\040\000F\000u\000t\000u\000r\000e\000\040\000W\000o\000r\000k}{section.7}% 20
\BOOKMARK [2][-]{subsection.7.2}{\376\377\0007\000.\0002\000\040\000C\000o\000n\000c\000l\000u\000s\000i\000o\000n}{section.7}% 21
\BOOKMARK [1][-]{section*.6}{\376\377\000R\000e\000f\000e\000r\000e\000n\000c\000e\000s}{}% 22
